<?xml version="1.0" encoding="UTF-8"?>
<testng-results skipped="0" failed="0" total="1" passed="1">
  <reporter-output>
  </reporter-output>
  <suite name="Default suite" duration-ms="96" started-at="2019-03-11T14:57:52Z" finished-at="2019-03-11T14:57:52Z">
    <groups>
    </groups>
    <test name="Default test" duration-ms="96" started-at="2019-03-11T14:57:52Z" finished-at="2019-03-11T14:57:52Z">
      <class name="ProprtyHandlng.DemoA">
        <test-method status="PASS" signature="testA()[pri:0, instance:ProprtyHandlng.DemoA@396a51ab]" name="testA" duration-ms="31" started-at="2019-03-11T20:27:52Z" finished-at="2019-03-11T20:27:52Z">
          <reporter-output>
          </reporter-output>
        </test-method> <!-- testA -->
      </class> <!-- ProprtyHandlng.DemoA -->
    </test> <!-- Default test -->
  </suite> <!-- Default suite -->
</testng-results>
